<?xml version="1.0" encoding="UTF-8"?>
<!-- Generated by org.testng.reporters.JUnitReportReporter -->
<testsuite hostname="DESKTOP-418OBAA" failures="0" tests="1" name="Custom.JSValidate" time="2.705" errors="0" timestamp="2024-06-27T20:31:40 IST" skipped="0">
  <testcase classname="Custom.JSValidate" name="get" time="2.705"/>
</testsuite> <!-- Custom.JSValidate -->
