<?xml version="1.0" encoding="UTF-8"?>
<!-- Generated by org.testng.reporters.JUnitReportReporter -->
<testsuite hostname="DESKTOP-418OBAA" failures="0" tests="1" name="Custom.SOAPXML" time="2.100" errors="0" timestamp="2024-06-27T21:30:16 IST" skipped="0">
  <testcase classname="Custom.SOAPXML" name="validate" time="2.100"/>
</testsuite> <!-- Custom.SOAPXML -->
